2024-10-16 19:14:26,872 [INFO] Activator:176 - 


2024-10-16 19:14:26,879 [INFO] Activator:177 - !SESSION log4j initialized
2024-10-16 19:14:35,259 [INFO] LogOutputStream:77 - [STDOUT_REDIRECT] 
2024-10-16 19:14:40,045 [INFO] ApplicationProperties:184 - Using Application install path: C:\ST\STM32CubeIDE_1.16.0\STM32CubeIDE\plugins\com.st.stm32cube.common.mx_6.12.0.202406281431
2024-10-16 19:14:40,071 [INFO] DbMcusXml:78 - Set database path to: C:\ST\STM32CubeIDE_1.16.0\STM32CubeIDE\plugins\com.st.stm32cube.common.mx_6.12.0.202406281431\\db\/mcu/
2024-10-16 19:14:40,071 [INFO] ApiDb:274 - Set plugin database path to: C:\ST\STM32CubeIDE_1.16.0\STM32CubeIDE\plugins\com.st.stm32cube.common.mx_6.12.0.202406281431\\db\/plugins/boardmanager/
2024-10-16 19:14:40,072 [WARN] ApiDb:259 - Overriding images path with different value:  => C:\ST\STM32CubeIDE_1.16.0\STM32CubeIDE\plugins\com.st.stm32cube.common.mx_6.12.0.202406281431\\db\/plugins/mcufinder/images/
2024-10-16 19:14:40,087 [INFO] ApiDb:250 - Set database path to: C:\Users\aguse\.stmcufinder\plugins\mcufinder//mcu/
2024-10-16 19:14:40,090 [INFO] DbMcusAds:125 - Set database path to: C:\Users\aguse\.stmcufinder\plugins\mcufinder//mcu/
2024-10-16 19:14:40,093 [INFO] CrossReferenceDbSqlite:203 - Set database path to: C:\Users\aguse\.stmcufinder\plugins\mcufinder//mcu/cs/
2024-10-16 19:14:40,232 [INFO] RulesReader:64 - Compatibility file has been processed (297 Rules)
2024-10-16 19:14:40,353 [INFO] DbMcusXml:78 - Set database path to: C:\ST\STM32CubeIDE_1.16.0\STM32CubeIDE\plugins\com.st.stm32cube.common.mx_6.12.0.202406281431\\db\/mcu/
2024-10-16 19:14:40,353 [INFO] ApiDb:274 - Set plugin database path to: C:\ST\STM32CubeIDE_1.16.0\STM32CubeIDE\plugins\com.st.stm32cube.common.mx_6.12.0.202406281431\\db\/plugins/boardmanager/
2024-10-16 19:14:40,353 [INFO] ApiDb:261 - Set plugin images path to: C:\ST\STM32CubeIDE_1.16.0\STM32CubeIDE\plugins\com.st.stm32cube.common.mx_6.12.0.202406281431\\db\/plugins/mcufinder/images/
2024-10-16 19:14:40,353 [WARN] DbFile:41 - Overriding database path with different value: C:\Users\aguse\.stmcufinder\plugins\mcufinder/ => C:\Users\aguse\.stmcufinder\plugins\mcufinder
2024-10-16 19:14:40,353 [INFO] ApiDb:250 - Set database path to: C:\Users\aguse\.stmcufinder\plugins\mcufinder//mcu/
2024-10-16 19:14:40,353 [WARN] DbFile:41 - Overriding database path with different value: C:\Users\aguse\.stmcufinder\plugins\mcufinder/ => C:\Users\aguse\.stmcufinder\plugins\mcufinder
2024-10-16 19:14:40,353 [INFO] DbMcusAds:125 - Set database path to: C:\Users\aguse\.stmcufinder\plugins\mcufinder//mcu/
2024-10-16 19:14:40,353 [WARN] DbFile:41 - Overriding database path with different value: C:\Users\aguse\.stmcufinder\plugins\mcufinder/ => C:\Users\aguse\.stmcufinder\plugins\mcufinder
2024-10-16 19:14:40,353 [WARN] DbFile:41 - Overriding database path with different value: C:\Users\aguse\.stmcufinder\plugins\mcufinder/ => C:\Users\aguse\.stmcufinder\plugins\mcufinder
2024-10-16 19:14:40,355 [INFO] CrossReferenceDbSqlite:203 - Set database path to: C:\Users\aguse\.stmcufinder\plugins\mcufinder//mcu/cs/
2024-10-16 19:14:40,510 [INFO] MainPanel:268 - HeapMemory: 268435456
2024-10-16 19:14:40,690 [INFO] DbMcusXml:78 - Set database path to: C:\ST\STM32CubeIDE_1.16.0\STM32CubeIDE\plugins\com.st.stm32cube.common.mx_6.12.0.202406281431\\db\/mcu/
2024-10-16 19:14:40,690 [INFO] ApiDb:274 - Set plugin database path to: C:\ST\STM32CubeIDE_1.16.0\STM32CubeIDE\plugins\com.st.stm32cube.common.mx_6.12.0.202406281431\\db\/plugins/boardmanager/
2024-10-16 19:14:40,690 [INFO] ApiDb:261 - Set plugin images path to: C:\ST\STM32CubeIDE_1.16.0\STM32CubeIDE\plugins\com.st.stm32cube.common.mx_6.12.0.202406281431\\db\/plugins/mcufinder/images/
2024-10-16 19:14:40,691 [WARN] DbFile:41 - Overriding database path with different value: C:\Users\aguse\.stmcufinder\plugins\mcufinder/ => C:\Users\aguse\.stmcufinder\plugins\mcufinder
2024-10-16 19:14:40,691 [INFO] ApiDb:250 - Set database path to: C:\Users\aguse\.stmcufinder\plugins\mcufinder//mcu/
2024-10-16 19:14:40,691 [WARN] DbFile:41 - Overriding database path with different value: C:\Users\aguse\.stmcufinder\plugins\mcufinder/ => C:\Users\aguse\.stmcufinder\plugins\mcufinder
2024-10-16 19:14:40,691 [INFO] DbMcusAds:125 - Set database path to: C:\Users\aguse\.stmcufinder\plugins\mcufinder//mcu/
2024-10-16 19:14:40,692 [WARN] DbFile:41 - Overriding database path with different value: C:\Users\aguse\.stmcufinder\plugins\mcufinder/ => C:\Users\aguse\.stmcufinder\plugins\mcufinder
2024-10-16 19:14:40,692 [WARN] DbFile:41 - Overriding database path with different value: C:\Users\aguse\.stmcufinder\plugins\mcufinder/ => C:\Users\aguse\.stmcufinder\plugins\mcufinder
2024-10-16 19:14:40,692 [INFO] CrossReferenceDbSqlite:203 - Set database path to: C:\Users\aguse\.stmcufinder\plugins\mcufinder//mcu/cs/
2024-10-16 19:14:40,721 [INFO] ApplicationProperties:184 - Using Application install path: C:\ST\STM32CubeIDE_1.16.0\STM32CubeIDE\plugins\com.st.stm32cube.common.mx_6.12.0.202406281431
2024-10-16 19:14:40,724 [INFO] PluginManage:196 - Search for loadable plugins [exclusion list=, ]
2024-10-16 19:14:40,726 [INFO] PluginManage:310 - Check plugin analytics
2024-10-16 19:14:40,977 [INFO] AnalyticsPlugin:253 - Accepted Software Licenses: 
2024-10-16 19:14:40,978 [INFO] AnalyticsPlugin:255 - Accepted CMSIS Pack Licenses: 
2024-10-16 19:14:40,978 [INFO] AnalyticsPlugin:257 - Accepted Firmware Licenses: 
2024-10-16 19:14:40,981 [INFO] PluginManage:359 - Loaded plugin analytics (category:tool,tabindex:-1)
2024-10-16 19:14:40,982 [INFO] PluginManage:310 - Check plugin cadmodel
2024-10-16 19:14:40,992 [INFO] CADModel:105 - Init CAD model plugin
2024-10-16 19:14:40,992 [INFO] PluginManage:359 - Loaded plugin cadmodel (category:power,tabindex:5)
2024-10-16 19:14:40,992 [INFO] PluginManage:310 - Check plugin clock
2024-10-16 19:14:41,018 [INFO] PluginManage:359 - Loaded plugin clock (category:base,tabindex:2)
2024-10-16 19:14:41,018 [INFO] PluginManage:310 - Check plugin ddr
2024-10-16 19:14:41,022 [INFO] PluginManage:359 - Loaded plugin ddr (category:tool,tabindex:6)
2024-10-16 19:14:41,023 [INFO] PluginManage:310 - Check plugin filemanager
2024-10-16 19:14:41,210 [INFO] PluginManage:359 - Loaded plugin filemanager (category:base,tabindex:10)
2024-10-16 19:14:41,210 [INFO] PluginManage:310 - Check plugin ipmanager
2024-10-16 19:14:41,221 [INFO] PluginManage:359 - Loaded plugin ipmanager (category:base,tabindex:5)
2024-10-16 19:14:41,221 [INFO] PluginManage:310 - Check plugin lpbam
2024-10-16 19:14:41,232 [INFO] PluginManage:359 - Loaded plugin lpbam (category:base,tabindex:0)
2024-10-16 19:14:41,232 [INFO] PluginManage:310 - Check plugin memorymap
2024-10-16 19:14:41,253 [INFO] PluginManage:359 - Loaded plugin memorymap (category:base,tabindex:4)
2024-10-16 19:14:41,254 [INFO] PluginManage:310 - Check plugin pinoutandconfiguration
2024-10-16 19:14:41,265 [INFO] PluginManage:359 - Loaded plugin pinoutandconfiguration (category:base,tabindex:1)
2024-10-16 19:14:41,265 [INFO] PluginManage:310 - Check plugin pinoutconfig
2024-10-16 19:14:41,394 [WARN] SupportedApi:132 - Cannot load RTOS API schema: s4s-elt-must-match.1: The content of 'definitions' must match (annotation?, (simpleType | complexType)?, (unique | key | keyref)*)). A problem was found starting at: attribute.
2024-10-16 19:14:41,615 [INFO] PluginManage:359 - Loaded plugin pinoutconfig (category:base,tabindex:0)
2024-10-16 19:14:41,615 [INFO] PluginManage:310 - Check plugin power
2024-10-16 19:14:41,627 [INFO] PluginManage:359 - Loaded plugin power (category:power,tabindex:4)
2024-10-16 19:14:41,627 [INFO] PluginManage:310 - Check plugin projectmanager
2024-10-16 19:14:41,648 [INFO] PluginManage:359 - Loaded plugin projectmanager (category:projectmanager,tabindex:4)
2024-10-16 19:14:41,649 [INFO] PluginManage:310 - Check plugin rif
2024-10-16 19:14:41,659 [INFO] PluginManage:359 - Loaded plugin rif (category:base,tabindex:3)
2024-10-16 19:14:41,659 [INFO] PluginManage:310 - Check plugin thirdparty
2024-10-16 19:14:41,868 [INFO] PluginManage:359 - Loaded plugin thirdparty (category:base,tabindex:-1)
2024-10-16 19:14:41,868 [INFO] PluginManage:310 - Check plugin tools
2024-10-16 19:14:41,868 [WARN] IntegrityCheckThread:84 - waiting for thirdparty lock release [integrity check]
2024-10-16 19:14:41,869 [INFO] IntegrityCheckThread:86 - entering critical section [integrity check]
2024-10-16 19:14:41,869 [INFO] ThirdPartyUpdaterWithRetryManager:70 - Updater plugin not ready yet. [1/15]
2024-10-16 19:14:41,874 [INFO] PluginManage:359 - Loaded plugin tools (category:base,tabindex:7)
2024-10-16 19:14:41,874 [INFO] PluginManage:310 - Check plugin tutovideos
2024-10-16 19:14:42,199 [INFO] PluginManage:359 - Loaded plugin tutovideos (category:base,tabindex:-1)
2024-10-16 19:14:42,199 [INFO] PluginManage:310 - Check plugin updater
2024-10-16 19:14:42,230 [INFO] PluginManage:359 - Loaded plugin updater (category:base,tabindex:12)
2024-10-16 19:14:42,230 [INFO] PluginManage:310 - Check plugin userauth
2024-10-16 19:14:42,238 [INFO] UserAuth:113 - Init User Auth plugin
2024-10-16 19:14:42,238 [INFO] PluginManage:359 - Loaded plugin userauth (category:base,tabindex:14)
2024-10-16 19:14:42,241 [INFO] PluginManage:283 - PluginManage : Loaded plugins [18]
2024-10-16 19:14:42,583 [INFO] PinOutPanel:1561 - setPackage(No Configuration,No Configuration)
2024-10-16 19:14:42,873 [INFO] CADModel:165 - CPN selected for project level
2024-10-16 19:14:42,874 [INFO] CADModel:114 - Register for checkConnection events
2024-10-16 19:14:42,902 [INFO] IPUIPlugin:80 - create IPUIPlugin
2024-10-16 19:14:42,902 [INFO] PluginManager:220 - loadIPPluginJar : add adc
2024-10-16 19:14:42,906 [INFO] IPUIPlugin:80 - create IPUIPlugin
2024-10-16 19:14:42,906 [INFO] PluginManager:220 - loadIPPluginJar : add aes
2024-10-16 19:14:42,911 [INFO] IPUIPlugin:80 - create IPUIPlugin
2024-10-16 19:14:42,912 [INFO] PluginManager:220 - loadIPPluginJar : add can
2024-10-16 19:14:42,914 [INFO] IPUIPlugin:80 - create IPUIPlugin
2024-10-16 19:14:42,914 [INFO] PluginManager:220 - loadIPPluginJar : add comp
2024-10-16 19:14:42,917 [INFO] IPUIPlugin:80 - create IPUIPlugin
2024-10-16 19:14:42,917 [INFO] PluginManager:220 - loadIPPluginJar : add cryp
2024-10-16 19:14:42,922 [INFO] IPUIPlugin:80 - create IPUIPlugin
2024-10-16 19:14:42,923 [INFO] PluginManager:220 - loadIPPluginJar : add ddr_ctrl_phy
2024-10-16 19:14:42,929 [INFO] IPUIPlugin:80 - create IPUIPlugin
2024-10-16 19:14:42,929 [INFO] PluginManager:220 - loadIPPluginJar : add dfsdm
2024-10-16 19:14:42,940 [INFO] IPUIPlugin:80 - create IPUIPlugin
2024-10-16 19:14:42,941 [INFO] PluginManager:220 - loadIPPluginJar : add dma
2024-10-16 19:14:42,951 [INFO] IPUIPlugin:80 - create IPUIPlugin
2024-10-16 19:14:42,952 [INFO] PluginManager:220 - loadIPPluginJar : add dma3
2024-10-16 19:14:42,958 [INFO] IPUIPlugin:80 - create IPUIPlugin
2024-10-16 19:14:42,958 [INFO] PluginManager:220 - loadIPPluginJar : add extmemmanager
2024-10-16 19:14:42,965 [INFO] IPUIPlugin:80 - create IPUIPlugin
2024-10-16 19:14:42,966 [INFO] PluginManager:220 - loadIPPluginJar : add fatfs
2024-10-16 19:14:42,973 [INFO] IPUIPlugin:80 - create IPUIPlugin
2024-10-16 19:14:42,974 [INFO] PluginManager:220 - loadIPPluginJar : add fmc
2024-10-16 19:14:42,987 [INFO] IPUIPlugin:80 - create IPUIPlugin
2024-10-16 19:14:42,987 [INFO] PluginManager:220 - loadIPPluginJar : add freertos
2024-10-16 19:14:42,991 [INFO] IPUIPlugin:80 - create IPUIPlugin
2024-10-16 19:14:42,991 [INFO] PluginManager:220 - loadIPPluginJar : add genericplugin
2024-10-16 19:14:42,997 [INFO] IPUIPlugin:80 - create IPUIPlugin
2024-10-16 19:14:42,997 [INFO] PluginManager:220 - loadIPPluginJar : add gfxmmu
2024-10-16 19:14:43,005 [INFO] IPUIPlugin:80 - create IPUIPlugin
2024-10-16 19:14:43,005 [INFO] PluginManager:220 - loadIPPluginJar : add gic
2024-10-16 19:14:43,010 [INFO] IPUIPlugin:80 - create IPUIPlugin
2024-10-16 19:14:43,010 [INFO] PluginManager:220 - loadIPPluginJar : add gpio
2024-10-16 19:14:43,018 [INFO] IPUIPlugin:80 - create IPUIPlugin
2024-10-16 19:14:43,018 [INFO] PluginManager:220 - loadIPPluginJar : add gtzc
2024-10-16 19:14:43,022 [INFO] IPUIPlugin:80 - create IPUIPlugin
2024-10-16 19:14:43,022 [INFO] PluginManager:220 - loadIPPluginJar : add hash
2024-10-16 19:14:43,026 [INFO] IPUIPlugin:80 - create IPUIPlugin
2024-10-16 19:14:43,026 [INFO] PluginManager:220 - loadIPPluginJar : add i2c
2024-10-16 19:14:43,030 [INFO] IPUIPlugin:80 - create IPUIPlugin
2024-10-16 19:14:43,030 [INFO] PluginManager:220 - loadIPPluginJar : add i2s
2024-10-16 19:14:43,035 [INFO] IPUIPlugin:80 - create IPUIPlugin
2024-10-16 19:14:43,035 [INFO] PluginManager:220 - loadIPPluginJar : add i3c
2024-10-16 19:14:43,040 [INFO] IPUIPlugin:80 - create IPUIPlugin
2024-10-16 19:14:43,041 [INFO] PluginManager:220 - loadIPPluginJar : add ipddr
2024-10-16 19:14:43,054 [INFO] IPUIPlugin:80 - create IPUIPlugin
2024-10-16 19:14:43,054 [INFO] PluginManager:220 - loadIPPluginJar : add linkedlist
2024-10-16 19:14:43,059 [INFO] IPUIPlugin:80 - create IPUIPlugin
2024-10-16 19:14:43,059 [INFO] PluginManager:220 - loadIPPluginJar : add lorawan
2024-10-16 19:14:43,061 [INFO] IPUIPlugin:80 - create IPUIPlugin
2024-10-16 19:14:43,062 [INFO] PluginManager:220 - loadIPPluginJar : add ltdc
2024-10-16 19:14:43,072 [INFO] IPUIPlugin:80 - create IPUIPlugin
2024-10-16 19:14:43,072 [INFO] PluginManager:220 - loadIPPluginJar : add mdma
2024-10-16 19:14:43,077 [INFO] IPUIPlugin:80 - create IPUIPlugin
2024-10-16 19:14:43,077 [INFO] PluginManager:220 - loadIPPluginJar : add nvic
2024-10-16 19:14:43,082 [INFO] IPUIPlugin:80 - create IPUIPlugin
2024-10-16 19:14:43,082 [INFO] PluginManager:220 - loadIPPluginJar : add opamp
2024-10-16 19:14:43,086 [INFO] IPUIPlugin:80 - create IPUIPlugin
2024-10-16 19:14:43,087 [INFO] PluginManager:220 - loadIPPluginJar : add openamp
2024-10-16 19:14:43,093 [INFO] IPUIPlugin:80 - create IPUIPlugin
2024-10-16 19:14:43,093 [INFO] PluginManager:220 - loadIPPluginJar : add pdm2pcm
2024-10-16 19:14:43,105 [INFO] IPUIPlugin:80 - create IPUIPlugin
2024-10-16 19:14:43,108 [INFO] PluginManager:220 - loadIPPluginJar : add plateformsettings
2024-10-16 19:14:43,110 [INFO] IPUIPlugin:80 - create IPUIPlugin
2024-10-16 19:14:43,111 [INFO] PluginManager:220 - loadIPPluginJar : add quadspi
2024-10-16 19:14:43,115 [INFO] IPUIPlugin:80 - create IPUIPlugin
2024-10-16 19:14:43,116 [INFO] PluginManager:220 - loadIPPluginJar : add radio
2024-10-16 19:14:43,123 [INFO] IPUIPlugin:80 - create IPUIPlugin
2024-10-16 19:14:43,123 [INFO] PluginManager:220 - loadIPPluginJar : add resmgrutility
2024-10-16 19:14:43,127 [INFO] IPUIPlugin:80 - create IPUIPlugin
2024-10-16 19:14:43,128 [INFO] PluginManager:220 - loadIPPluginJar : add sai
2024-10-16 19:14:43,133 [INFO] IPUIPlugin:80 - create IPUIPlugin
2024-10-16 19:14:43,133 [INFO] PluginManager:220 - loadIPPluginJar : add spi
2024-10-16 19:14:43,139 [INFO] IPUIPlugin:80 - create IPUIPlugin
2024-10-16 19:14:43,139 [INFO] PluginManager:220 - loadIPPluginJar : add stm32_wpan
2024-10-16 19:14:43,142 [INFO] IPUIPlugin:80 - create IPUIPlugin
2024-10-16 19:14:43,143 [INFO] PluginManager:220 - loadIPPluginJar : add tim
2024-10-16 19:14:43,148 [INFO] IPUIPlugin:80 - create IPUIPlugin
2024-10-16 19:14:43,149 [INFO] PluginManager:220 - loadIPPluginJar : add touchsensing
2024-10-16 19:14:43,152 [INFO] IPUIPlugin:80 - create IPUIPlugin
2024-10-16 19:14:43,152 [INFO] PluginManager:220 - loadIPPluginJar : add tracer_emb
2024-10-16 19:14:43,155 [INFO] IPUIPlugin:80 - create IPUIPlugin
2024-10-16 19:14:43,156 [INFO] PluginManager:220 - loadIPPluginJar : add ts
2024-10-16 19:14:43,158 [INFO] IPUIPlugin:80 - create IPUIPlugin
2024-10-16 19:14:43,158 [INFO] PluginManager:220 - loadIPPluginJar : add tsc
2024-10-16 19:14:43,161 [INFO] IPUIPlugin:80 - create IPUIPlugin
2024-10-16 19:14:43,161 [INFO] PluginManager:220 - loadIPPluginJar : add ucpd
2024-10-16 19:14:43,164 [INFO] IPUIPlugin:80 - create IPUIPlugin
2024-10-16 19:14:43,164 [INFO] PluginManager:220 - loadIPPluginJar : add usart
2024-10-16 19:14:43,168 [INFO] IPUIPlugin:80 - create IPUIPlugin
2024-10-16 19:14:43,168 [INFO] PluginManager:220 - loadIPPluginJar : add usbx
2024-10-16 19:14:43,324 [INFO] CADModel:165 - CPN selected for project level
2024-10-16 19:14:43,325 [INFO] CADModel:114 - Register for checkConnection events
2024-10-16 19:14:43,325 [FATAL] Updater:334 - Updater called before beeing initialized
2024-10-16 19:14:43,326 [ERROR] CADModel:125 - Updater not yet initialized, retry later 
2024-10-16 19:14:43,577 [INFO] CADModel:165 - CPN selected for project level
2024-10-16 19:14:43,577 [INFO] CADModel:114 - Register for checkConnection events
2024-10-16 19:14:43,577 [FATAL] Updater:334 - Updater called before beeing initialized
2024-10-16 19:14:43,577 [ERROR] CADModel:125 - Updater not yet initialized, retry later 
2024-10-16 19:14:43,582 [FATAL] Updater:334 - Updater called before beeing initialized
2024-10-16 19:14:43,714 [FATAL] Updater:334 - Updater called before beeing initialized
2024-10-16 19:14:43,723 [INFO] DbMcusAds:53 - JSON generation date=Thu May 16 06:22:00 ART 2024 (1715851320667)
2024-10-16 19:14:43,724 [FATAL] Updater:334 - Updater called before beeing initialized
2024-10-16 19:14:43,797 [WARN] DetailPanel:346 - Failed to get advertising image, set to default
2024-10-16 19:14:43,956 [FATAL] Updater:334 - Updater called before beeing initialized
2024-10-16 19:14:43,960 [FATAL] Updater:334 - Updater called before beeing initialized
2024-10-16 19:14:43,961 [FATAL] Updater:334 - Updater called before beeing initialized
2024-10-16 19:14:43,961 [WARN] DetailPanel:346 - Failed to get advertising image, set to default
2024-10-16 19:14:43,962 [FATAL] Updater:334 - Updater called before beeing initialized
2024-10-16 19:14:44,049 [ERROR] Updater:1164 - MainUpdater not yet initialized. External WinMGr cannot be set.
2024-10-16 19:14:44,052 [INFO] Updater:1100 - Updater Version found : 6.12.0
2024-10-16 19:14:44,079 [INFO] ApplicationProperties:184 - Using Application install path: C:\ST\STM32CubeIDE_1.16.0\STM32CubeIDE\plugins\com.st.stm32cube.common.mx_6.12.0.202406281431
2024-10-16 19:14:44,870 [INFO] ThirdPartyUpdaterWithRetryManager:70 - Updater plugin not ready yet. [2/15]
2024-10-16 19:14:45,668 [ERROR] LogOutputStream:75 - [STDERR_REDIRECT] Oct 16, 2024 7:14:45 PM java.util.prefs.WindowsPreferences <init>
2024-10-16 19:14:45,671 [ERROR] LogOutputStream:75 - [STDERR_REDIRECT] WARNING: Could not open/create prefs root node Software\JavaSoft\Prefs at root 0xffffffff80000002. Windows RegCreateKeyEx(...) returned error code 5.
2024-10-16 19:14:45,671 [ERROR] LogOutputStream:75 - [STDERR_REDIRECT] 
2024-10-16 19:14:46,009 [INFO] MainUpdater:2873 - connection check result : 10
2024-10-16 19:14:46,009 [INFO] MainUpdater:3567 - Updater definition file requires update
2024-10-16 19:14:46,011 [INFO] MainUpdater:290 - Updater Check For Update Now.
2024-10-16 19:14:46,011 [INFO] MicroXplorer:498 - Change Database Version : DB.6.0.120
2024-10-16 19:14:46,021 [INFO] McuFinderGlobals:63 - Set McuFinder mode to 2 (CubeIDE integrated)
2024-10-16 19:14:46,023 [INFO] UserAuth:417 - Internet connection configuration mode: 1
2024-10-16 19:14:46,038 [INFO] ServerAccessManage:473 - Download File updaters.zip
2024-10-16 19:14:46,061 [INFO] JxBrowserEngine:152 - Initiate JxBrowser Engine with user profile folder
2024-10-16 19:14:46,132 [INFO] FileExtend:240 - Unzip File : updaters.zip
2024-10-16 19:14:46,132 [INFO] FileExtend:255 - Standard Zip Deflate
2024-10-16 19:14:46,708 [INFO] ServerAccessManage:473 - Download File PacksControlFlags.xml
2024-10-16 19:14:46,802 [INFO] ServerAccessManage:473 - Download File cubemx.pidx
2024-10-16 19:14:46,958 [INFO] LoadServerUpdatesThread:375 - End of LoadServerUpdate Thread
2024-10-16 19:14:47,122 [INFO] CheckServerUpdateThread:120 - End of CheckServer Thread
2024-10-16 19:14:48,239 [WARN] PackLoader:240 - Cannot read IP mode file for STMicroelectronics.FP-SNS-MOTENVWB1.1.4.0
2024-10-16 19:14:48,252 [WARN] PackLoader:240 - Cannot read IP mode file for STMicroelectronics.X-CUBE-SMBUS.2.1.0
2024-10-16 19:14:48,263 [WARN] PackLoader:240 - Cannot read IP mode file for STMicroelectronics.X-CUBE-WB05N.1.1.0
2024-10-16 19:14:48,296 [WARN] PackLoader:240 - Cannot read IP mode file for STMicroelectronics.X-CUBE-AZRTOS-F7.1.1.0
2024-10-16 19:14:48,393 [WARN] PackLoader:240 - Cannot read IP mode file for STMicroelectronics.X-CUBE-MEMS1.11.0.0
2024-10-16 19:14:48,566 [WARN] PackLoader:240 - Cannot read IP mode file for STMicroelectronics.FP-SNS-FLIGHT1.5.0.2
2024-10-16 19:14:48,578 [WARN] PackLoader:240 - Cannot read IP mode file for STMicroelectronics.X-CUBE-DISPLAY.3.0.0
2024-10-16 19:14:48,590 [WARN] PackLoader:240 - Cannot read IP mode file for STMicroelectronics.X-CUBE-BLE1.7.0.0
2024-10-16 19:14:48,599 [WARN] PackLoader:240 - Cannot read IP mode file for STMicroelectronics.X-CUBE-NFC10.1.0.0
2024-10-16 19:14:48,609 [WARN] PackLoader:240 - Cannot read IP mode file for emotas.I-CUBE-CANOPEN.1.3.0
2024-10-16 19:14:48,621 [WARN] PackLoader:240 - Cannot read IP mode file for STMicroelectronics.X-CUBE-BLEMGR.3.1.0
2024-10-16 19:14:48,631 [WARN] PackLoader:240 - Cannot read IP mode file for STMicroelectronics.FP-SNS-SMARTAG2.1.2.0
2024-10-16 19:14:48,644 [INFO] LogOutputStream:77 - [STDOUT_REDIRECT] 1 : Invalid condition id : UX_CORESTACK_Condition cause : null
2024-10-16 19:14:48,645 [INFO] LogOutputStream:77 - [STDOUT_REDIRECT] 1 : Invalid condition id : UX_CORESTACK_Condition cause : null
2024-10-16 19:14:48,646 [INFO] LogOutputStream:77 - [STDOUT_REDIRECT] 1 : Invalid condition id : UX_CORESTACK_Condition cause : null
2024-10-16 19:14:48,646 [INFO] LogOutputStream:77 - [STDOUT_REDIRECT] 1 : Invalid condition id : UX_CORESTACK_Condition cause : null
2024-10-16 19:14:48,647 [INFO] LogOutputStream:77 - [STDOUT_REDIRECT] 1 : Invalid condition id : UX_CORESTACK_Condition cause : null
2024-10-16 19:14:48,652 [WARN] PackLoader:240 - Cannot read IP mode file for STMicroelectronics.X-CUBE-AZRTOS-WL.2.0.0
2024-10-16 19:14:48,659 [WARN] PackLoader:240 - Cannot read IP mode file for STMicroelectronics.FP-SNS-MOTENV1.5.0.0
2024-10-16 19:14:48,666 [WARN] PackLoader:240 - Cannot read IP mode file for wolfSSL.I-CUBE-wolfMQTT.1.19.0
2024-10-16 19:14:48,676 [WARN] PackLoader:240 - Cannot read IP mode file for WES.I-CUBE-Cesium.1.3.0
2024-10-16 19:14:48,683 [WARN] PackLoader:240 - Cannot read IP mode file for STMicroelectronics.X-CUBE-BLE2.3.3.0
2024-10-16 19:14:48,692 [WARN] PackLoader:240 - Cannot read IP mode file for STMicroelectronics.X-CUBE-NFC9.1.0.0
2024-10-16 19:14:48,701 [WARN] PackLoader:240 - Cannot read IP mode file for STMicroelectronics.X-CUBE-TCPP.4.1.0
2024-10-16 19:14:48,722 [WARN] PackLoader:240 - Cannot read IP mode file for STMicroelectronics.X-CUBE-AZRTOS-G0.1.1.0
2024-10-16 19:14:48,735 [WARN] PackLoader:240 - Cannot read IP mode file for STMicroelectronics.X-CUBE-SAFEA1.1.2.2
2024-10-16 19:14:48,745 [WARN] PackLoader:240 - Cannot read IP mode file for STMicroelectronics.X-CUBE-NFC4.3.0.0
2024-10-16 19:14:48,761 [WARN] PackLoader:240 - Cannot read IP mode file for EmbeddedOffice.I-CUBE-FS-RTOS.1.0.1
2024-10-16 19:14:48,762 [ERROR] ConditionMgr:805 - Attr not supported : Dmpu
2024-10-16 19:14:48,762 [ERROR] ConditionMgr:805 - Attr not supported : Dmpu
2024-10-16 19:14:48,762 [ERROR] ConditionMgr:805 - Attr not supported : Dmpu
2024-10-16 19:14:48,762 [ERROR] ConditionMgr:805 - Attr not supported : Dmpu
2024-10-16 19:14:48,762 [ERROR] ConditionMgr:805 - Attr not supported : Dmpu
2024-10-16 19:14:48,762 [ERROR] ConditionMgr:805 - Attr not supported : Dmpu
2024-10-16 19:14:48,762 [ERROR] ConditionMgr:805 - Attr not supported : Dmpu
2024-10-16 19:14:48,762 [ERROR] ConditionMgr:805 - Attr not supported : Dmpu
2024-10-16 19:14:48,763 [ERROR] ConditionMgr:805 - Attr not supported : Dmpu
2024-10-16 19:14:48,763 [ERROR] ConditionMgr:805 - Attr not supported : Dmpu
2024-10-16 19:14:48,763 [ERROR] ConditionMgr:805 - Attr not supported : Dmpu
2024-10-16 19:14:48,763 [ERROR] ConditionMgr:805 - Attr not supported : Dmpu
2024-10-16 19:14:48,763 [ERROR] ConditionMgr:805 - Attr not supported : Dmpu
2024-10-16 19:14:48,763 [ERROR] ConditionMgr:805 - Attr not supported : Dmpu
2024-10-16 19:14:48,763 [ERROR] ConditionMgr:805 - Attr not supported : Dmpu
2024-10-16 19:14:48,763 [ERROR] ConditionMgr:805 - Attr not supported : Dmpu
2024-10-16 19:14:48,763 [ERROR] ConditionMgr:805 - Attr not supported : Dmpu
2024-10-16 19:14:48,763 [ERROR] ConditionMgr:805 - Attr not supported : Dmpu
2024-10-16 19:14:48,763 [ERROR] ConditionMgr:805 - Attr not supported : Dmpu
2024-10-16 19:14:48,763 [ERROR] ConditionMgr:805 - Attr not supported : Dmpu
2024-10-16 19:14:48,763 [ERROR] ConditionMgr:805 - Attr not supported : Dmpu
2024-10-16 19:14:48,763 [ERROR] ConditionMgr:805 - Attr not supported : Dmpu
2024-10-16 19:14:48,763 [ERROR] ConditionMgr:805 - Attr not supported : Dmpu
2024-10-16 19:14:48,763 [ERROR] ConditionMgr:805 - Attr not supported : Dmpu
2024-10-16 19:14:48,763 [ERROR] ConditionMgr:805 - Attr not supported : Dmpu
2024-10-16 19:14:48,763 [ERROR] ConditionMgr:805 - Attr not supported : Dmpu
2024-10-16 19:14:48,764 [ERROR] ConditionMgr:805 - Attr not supported : Dmpu
2024-10-16 19:14:48,764 [ERROR] ConditionMgr:805 - Attr not supported : Dmpu
2024-10-16 19:14:48,764 [ERROR] ConditionMgr:805 - Attr not supported : Dmpu
2024-10-16 19:14:48,764 [ERROR] ConditionMgr:805 - Attr not supported : Dmpu
2024-10-16 19:14:48,764 [ERROR] ConditionMgr:805 - Attr not supported : Dmpu
2024-10-16 19:14:48,764 [ERROR] ConditionMgr:805 - Attr not supported : Dmpu
2024-10-16 19:14:48,764 [ERROR] ConditionMgr:805 - Attr not supported : Dmpu
2024-10-16 19:14:48,764 [ERROR] ConditionMgr:805 - Attr not supported : Dmpu
2024-10-16 19:14:48,764 [ERROR] ConditionMgr:805 - Attr not supported : Dmpu
2024-10-16 19:14:48,764 [ERROR] ConditionMgr:805 - Attr not supported : Dmpu
2024-10-16 19:14:48,764 [ERROR] ConditionMgr:805 - Attr not supported : Dmpu
2024-10-16 19:14:48,764 [ERROR] ConditionMgr:805 - Attr not supported : Dmpu
2024-10-16 19:14:48,764 [ERROR] ConditionMgr:805 - Attr not supported : Dmpu
2024-10-16 19:14:48,764 [ERROR] ConditionMgr:805 - Attr not supported : Dmpu
2024-10-16 19:14:48,764 [ERROR] ConditionMgr:805 - Attr not supported : Dmpu
2024-10-16 19:14:48,764 [ERROR] ConditionMgr:805 - Attr not supported : Dmpu
2024-10-16 19:14:48,764 [ERROR] ConditionMgr:805 - Attr not supported : Dmpu
2024-10-16 19:14:48,764 [ERROR] ConditionMgr:805 - Attr not supported : Dmpu
2024-10-16 19:14:48,764 [ERROR] ConditionMgr:805 - Attr not supported : Dmpu
2024-10-16 19:14:48,765 [ERROR] ConditionMgr:805 - Attr not supported : Dmpu
2024-10-16 19:14:48,765 [ERROR] ConditionMgr:805 - Attr not supported : Dmpu
2024-10-16 19:14:48,765 [ERROR] ConditionMgr:805 - Attr not supported : Dmpu
2024-10-16 19:14:48,765 [ERROR] ConditionMgr:805 - Attr not supported : Dmpu
2024-10-16 19:14:48,765 [ERROR] ConditionMgr:805 - Attr not supported : Dmpu
2024-10-16 19:14:48,765 [ERROR] ConditionMgr:805 - Attr not supported : Dmpu
2024-10-16 19:14:48,765 [ERROR] ConditionMgr:805 - Attr not supported : Dmpu
2024-10-16 19:14:48,765 [ERROR] ConditionMgr:805 - Attr not supported : Dmpu
2024-10-16 19:14:48,765 [ERROR] ConditionMgr:805 - Attr not supported : Dmpu
2024-10-16 19:14:48,765 [ERROR] ConditionMgr:805 - Attr not supported : Dmpu
2024-10-16 19:14:48,765 [ERROR] ConditionMgr:805 - Attr not supported : Dmpu
2024-10-16 19:14:48,765 [ERROR] ConditionMgr:805 - Attr not supported : Dmpu
2024-10-16 19:14:48,765 [ERROR] ConditionMgr:805 - Attr not supported : Dmpu
2024-10-16 19:14:48,765 [ERROR] ConditionMgr:805 - Attr not supported : Dmpu
2024-10-16 19:14:48,765 [ERROR] ConditionMgr:805 - Attr not supported : Dmpu
2024-10-16 19:14:48,765 [ERROR] ConditionMgr:805 - Attr not supported : Dmpu
2024-10-16 19:14:48,765 [ERROR] ConditionMgr:805 - Attr not supported : Dmpu
2024-10-16 19:14:48,766 [ERROR] ConditionMgr:805 - Attr not supported : Dmpu
2024-10-16 19:14:48,766 [ERROR] ConditionMgr:805 - Attr not supported : Dmpu
2024-10-16 19:14:48,773 [WARN] PackLoader:240 - Cannot read IP mode file for RealThread.X-CUBE-RT-Thread_Nano.4.1.1
2024-10-16 19:14:48,779 [WARN] PackLoader:240 - Cannot read IP mode file for STMicroelectronics.FP-ATR-SIGFOX1.3.2.0
2024-10-16 19:14:48,786 [WARN] PackLoader:240 - Cannot read IP mode file for wolfSSL.I-CUBE-wolfSSL.5.7.2
2024-10-16 19:14:48,794 [WARN] PackLoader:240 - Cannot read IP mode file for STMicroelectronics.X-CUBE-EEPRMA1.5.1.0
2024-10-16 19:14:48,807 [WARN] PackLoader:240 - Cannot read IP mode file for ITTIA_DB.I-CUBE-ITTIADB.8.9.0
2024-10-16 19:14:48,850 [WARN] PackLoader:240 - Cannot read IP mode file for SEGGER.I-CUBE-embOS.1.3.1
2024-10-16 19:14:48,866 [INFO] WebApp:167 - Instantiating new browser for Auth
2024-10-16 19:14:48,914 [WARN] PackLoader:240 - Cannot read IP mode file for STMicroelectronics.X-CUBE-ALGOBUILD.1.4.0
2024-10-16 19:14:48,925 [WARN] PackLoader:240 - Cannot read IP mode file for STMicroelectronics.X-CUBE-AI.9.1.0
2024-10-16 19:14:48,937 [WARN] PackLoader:240 - Cannot read IP mode file for STMicroelectronics.X-CUBE-GNSS1.6.0.0
2024-10-16 19:14:48,977 [WARN] PackLoader:240 - Cannot read IP mode file for STMicroelectronics.X-CUBE-AZRTOS-F4.1.1.0
2024-10-16 19:14:48,988 [WARN] PackLoader:240 - Cannot read IP mode file for STMicroelectronics.X-CUBE-ISPU.2.1.0
2024-10-16 19:14:49,004 [WARN] PackLoader:240 - Cannot read IP mode file for STMicroelectronics.X-CUBE-FREERTOS.1.2.0
2024-10-16 19:14:49,035 [WARN] PackLoader:240 - Cannot read IP mode file for STMicroelectronics.X-CUBE-AZRTOS-L5.2.0.0
2024-10-16 19:14:49,077 [WARN] PackLoader:240 - Cannot read IP mode file for STMicroelectronics.X-CUBE-NFC6.3.1.0
2024-10-16 19:14:49,088 [WARN] PackLoader:240 - Cannot read IP mode file for STMicroelectronics.X-CUBE-DPower.1.2.0
2024-10-16 19:14:49,094 [WARN] PackLoader:240 - Cannot read IP mode file for STMicroelectronics.X-CUBE-AI.9.0.0
2024-10-16 19:14:49,103 [WARN] PackLoader:240 - Cannot read IP mode file for STMicroelectronics.X-CUBE-NFC7.1.0.1
2024-10-16 19:14:49,126 [WARN] ConditionMgr:438 - getConditionDescription Invalid condition id : LAN8742 Phy interface Condition cause : null
2024-10-16 19:14:49,126 [WARN] PackLoader:240 - Cannot read IP mode file for STMicroelectronics.X-CUBE-AZRTOS-L4.2.0.0
2024-10-16 19:14:49,128 [WARN] ConditionMgr:1039 - genDependencies : Invalid condition id : LAN8742 Phy interface Condition cause : null
2024-10-16 19:14:49,129 [WARN] ConditionMgr:1039 - genDependencies : Invalid condition id : LAN8742 Phy interface Condition cause : null
2024-10-16 19:14:49,129 [WARN] ConditionMgr:1039 - genDependencies : Invalid condition id : LAN8742 Phy interface Condition cause : null
2024-10-16 19:14:49,141 [WARN] PackLoader:240 - Cannot read IP mode file for STMicroelectronics.X-CUBE-SFXS2LP1.4.0.0
2024-10-16 19:14:49,161 [WARN] PackLoader:240 - Cannot read IP mode file for STMicroelectronics.X-CUBE-AZRTOS-H7.3.3.0
2024-10-16 19:14:49,175 [WARN] PackLoader:240 - Cannot read IP mode file for STMicroelectronics.X-CUBE-IPS.3.0.0
2024-10-16 19:14:49,193 [WARN] ConditionMgr:438 - getConditionDescription Invalid condition id : UX DEVICE CLASS RTOS Condition cause : null
2024-10-16 19:14:49,194 [WARN] ConditionMgr:438 - getConditionDescription Invalid condition id : UX DEVICE CLASS RTOS Condition cause : null
2024-10-16 19:14:49,196 [WARN] PackLoader:240 - Cannot read IP mode file for STMicroelectronics.X-CUBE-AZRTOS-WB.2.0.0
2024-10-16 19:14:49,196 [WARN] ConditionMgr:1039 - genDependencies : Invalid condition id : UX DEVICE CLASS RTOS Condition cause : null
2024-10-16 19:14:49,196 [WARN] ConditionMgr:1039 - genDependencies : Invalid condition id : UX DEVICE CLASS RTOS Condition cause : null
2024-10-16 19:14:49,197 [WARN] ConditionMgr:1039 - genDependencies : Invalid condition id : UX DEVICE CLASS RTOS Condition cause : null
2024-10-16 19:14:49,197 [WARN] ConditionMgr:1039 - genDependencies : Invalid condition id : UX DEVICE CLASS RTOS Condition cause : null
2024-10-16 19:14:49,197 [WARN] ConditionMgr:1039 - genDependencies : Invalid condition id : UX DEVICE CLASS RTOS Condition cause : null
2024-10-16 19:14:49,205 [WARN] PackLoader:240 - Cannot read IP mode file for STMicroelectronics.X-CUBE-GNSS1.7.0.0
2024-10-16 19:14:49,213 [WARN] PackLoader:240 - Cannot read IP mode file for STMicroelectronics.FP-SNS-STBOX1.2.0.0
2024-10-16 19:14:49,226 [WARN] PackLoader:240 - Cannot read IP mode file for STMicroelectronics.X-CUBE-SUBG2.5.0.0
2024-10-16 19:14:49,237 [WARN] PackLoader:240 - Cannot read IP mode file for Cesanta.I-CUBE-Mongoose.7.13.0
2024-10-16 19:14:49,255 [WARN] PackLoader:240 - Cannot read IP mode file for STMicroelectronics.X-CUBE-AZRTOS-G4.2.0.0
2024-10-16 19:14:49,261 [WARN] PackLoader:240 - Cannot read IP mode file for STMicroelectronics.X-CUBE-ISPU.2.0.0
2024-10-16 19:14:49,269 [WARN] PackLoader:240 - Cannot read IP mode file for STMicroelectronics.X-CUBE-ALS.1.0.2
2024-10-16 19:14:49,276 [WARN] PackLoader:240 - Cannot read IP mode file for STMicroelectronics.X-CUBE-TOUCHGFX.4.24.0
2024-10-16 19:14:49,282 [WARN] PackLoader:240 - Cannot read IP mode file for STMicroelectronics.X-CUBE-TOUCHGFX.4.24.1
2024-10-16 19:14:49,287 [WARN] PackLoader:240 - Cannot read IP mode file for wolfSSL.I-CUBE-wolfTPM.3.4.0
2024-10-16 19:14:49,294 [WARN] PackLoader:240 - Cannot read IP mode file for portGmbH.I-Cube-SoM-uGOAL.1.1.0
2024-10-16 19:14:49,313 [WARN] PackLoader:240 - Cannot read IP mode file for STMicroelectronics.X-CUBE-AZRTOS-H7RS.1.0.0
2024-10-16 19:14:49,320 [WARN] PackLoader:240 - Cannot read IP mode file for STMicroelectronics.FP-ATR-ASTRA1.2.0.0
2024-10-16 19:14:49,331 [WARN] PackLoader:240 - Cannot read IP mode file for STMicroelectronics.X-CUBE-TOF1.3.4.2
2024-10-16 19:14:49,362 [WARN] PackLoader:240 - Cannot read IP mode file for Infineon.AIROC-Wi-Fi-Bluetooth-STM32.1.6.1
2024-10-16 19:14:49,371 [WARN] PackLoader:240 - Cannot read IP mode file for wolfSSL.I-CUBE-wolfSSH.1.4.17
2024-10-16 19:14:49,372 [INFO] ThirdParty:978 - Integrity check success = true
2024-10-16 19:14:49,372 [INFO] IntegrityCheckThread:100 - exiting critical section [integrity check]
2024-10-16 19:14:49,372 [INFO] IntegrityCheckThread:103 - End integrity checks thread
2024-10-16 19:14:51,551 [INFO] WebApp:448 - Apply proxy settings
2024-10-16 19:14:51,570 [INFO] WebApp:533 - Chromium requires no authentication
2024-10-16 19:14:51,606 [INFO] WebApp:476 - Direct internet connection detected
2024-10-16 19:14:51,700 [INFO] WebApp:869 - Register for checkConnection events
2024-10-16 19:14:51,704 [INFO] WebApp:448 - Apply proxy settings
2024-10-16 19:14:51,705 [INFO] WebApp:533 - Chromium requires no authentication
2024-10-16 19:14:51,706 [INFO] WebApp:476 - Direct internet connection detected
2024-10-16 19:14:51,984 [INFO] WebApp:186 - Connection restablished
2024-10-16 19:14:52,505 [INFO] WebApp:220 - Starting web application
2024-10-16 19:14:52,505 [INFO] WebApp:578 - Web application path used C:\ST\STM32CubeIDE_1.16.0\STM32CubeIDE\plugins\com.st.stm32cube.common.mx_6.12.0.202406281431\db\plugins\mcufinder\reactClient1\index.html
2024-10-16 19:14:52,884 [INFO] UserAuth:417 - Internet connection configuration mode: 1
2024-10-16 20:08:00,714 [INFO] WebApp:189 - Connection lost
2024-10-16 20:08:01,200 [INFO] WebApp:186 - Connection restablished
2024-10-16 20:53:16,126 [INFO] WebApp:189 - Connection lost
2024-10-16 20:53:16,580 [INFO] WebApp:186 - Connection restablished
